<?xml version="1.0" encoding="UTF-8"?>
<!-- Generated by org.testng.reporters.JUnitXMLReporter -->
<testsuite ignored="0" hostname="DESKTOP-RHKSQOC" failures="2" tests="13" name="Test" time="90.265" errors="0" timestamp="2024-03-16T16:44:47 EDT">
  <testcase classname="tutorialNinja.TestCases.RegisterTest" name="verifyRegisterWithMandatoryDetails" time="1.663"/>
  <testcase classname="tutorialNinja.TestCases.RegisterTest" name="verifyRegisterWithAllDetails" time="1.564"/>
  <testcase classname="tutorialNinja.TestCases.RegisterTest" name="verifyRegisterWithExistingEmail" time="1.276"/>
  <testcase classname="tutorialNinja.TestCases.RegisterTest" name="verifyRegisterWithWrongConfirmPassword" time="1.207"/>
  <testcase classname="tutorialNinja.TestCases.RegisterTest" name="verifyRegisterWithNoDetails" time="0.627"/>
  <testcase classname="tutorialNinja.TestCases.LoginTest" name="loginWithAllCredentials" time="2.479"/>
  <testcase classname="tutorialNinja.TestCases.LoginTest" name="loginWithValidEmailAndInvalidPassword" time="10.79">
    <failure type="org.openqa.selenium.NoSuchElementException" message="no such element: Unable to locate element: {&amp;quot;method&amp;quot;:&amp;quot;css selector&amp;quot;,&amp;quot;selector&amp;quot;:&amp;quot;.div\.alert\.alert\-danger\.alert\-dismissible&amp;quot;}
  (Session info: chrome=122.0.6261.129)
For documentation on this error, please visit: https://www.selenium.dev/documentation/webdriver/troubleshooting/errors#no-such-element-exception
Build info: version: &amp;apos;4.18.0&amp;apos;, revision: &amp;apos;b6bf9de7cc*&amp;apos;
System info: os.name: &amp;apos;Windows 11&amp;apos;, os.arch: &amp;apos;amd64&amp;apos;, os.version: &amp;apos;10.0&amp;apos;, java.version: &amp;apos;17.0.9&amp;apos;
Driver info: org.openqa.selenium.chrome.ChromeDriver
Command: [705e43eaaa3b2c05005cdba93c389564, findElement {using=class name, value=div.alert.alert-danger.alert-dismissible}]
Capabilities {acceptInsecureCerts: false, browserName: chrome, browserVersion: 122.0.6261.129, chrome: {chromedriverVersion: 122.0.6261.128 (f18a44fedeb..., userDataDir: C:\Users\User\AppData\Local...}, fedcm:accounts: true, goog:chromeOptions: {debuggerAddress: localhost:52382}, networkConnectionEnabled: false, pageLoadStrategy: eager, platformName: windows, proxy: Proxy(), se:cdp: ws://localhost:52382/devtoo..., se:cdpVersion: 122.0.6261.129, setWindowRect: true, strictFileInteractability: false, timeouts: {implicit: 0, pageLoad: 300000, script: 30000}, unhandledPromptBehavior: dismiss and notify, webauthn:extension:credBlob: true, webauthn:extension:largeBlob: true, webauthn:extension:minPinLength: true, webauthn:extension:prf: true, webauthn:virtualAuthenticators: true}
Session ID: 705e43eaaa3b2c05005cdba93c389564">
      <![CDATA[org.openqa.selenium.NoSuchElementException: no such element: Unable to locate element: {"method":"css selector","selector":".div\.alert\.alert\-danger\.alert\-dismissible"}
  (Session info: chrome=122.0.6261.129)
For documentation on this error, please visit: https://www.selenium.dev/documentation/webdriver/troubleshooting/errors#no-such-element-exception
Build info: version: '4.18.0', revision: 'b6bf9de7cc*'
System info: os.name: 'Windows 11', os.arch: 'amd64', os.version: '10.0', java.version: '17.0.9'
Driver info: org.openqa.selenium.chrome.ChromeDriver
Command: [705e43eaaa3b2c05005cdba93c389564, findElement {using=class name, value=div.alert.alert-danger.alert-dismissible}]
Capabilities {acceptInsecureCerts: false, browserName: chrome, browserVersion: 122.0.6261.129, chrome: {chromedriverVersion: 122.0.6261.128 (f18a44fedeb..., userDataDir: C:\Users\User\AppData\Local...}, fedcm:accounts: true, goog:chromeOptions: {debuggerAddress: localhost:52382}, networkConnectionEnabled: false, pageLoadStrategy: eager, platformName: windows, proxy: Proxy(), se:cdp: ws://localhost:52382/devtoo..., se:cdpVersion: 122.0.6261.129, setWindowRect: true, strictFileInteractability: false, timeouts: {implicit: 0, pageLoad: 300000, script: 30000}, unhandledPromptBehavior: dismiss and notify, webauthn:extension:credBlob: true, webauthn:extension:largeBlob: true, webauthn:extension:minPinLength: true, webauthn:extension:prf: true, webauthn:virtualAuthenticators: true}
Session ID: 705e43eaaa3b2c05005cdba93c389564
at org.openqa.selenium.remote.ErrorCodec.decode(ErrorCodec.java:167)
at org.openqa.selenium.remote.codec.w3c.W3CHttpResponseCodec.decode(W3CHttpResponseCodec.java:138)
at org.openqa.selenium.remote.codec.w3c.W3CHttpResponseCodec.decode(W3CHttpResponseCodec.java:50)
at org.openqa.selenium.remote.HttpCommandExecutor.execute(HttpCommandExecutor.java:190)
at org.openqa.selenium.remote.service.DriverCommandExecutor.invokeExecute(DriverCommandExecutor.java:216)
at org.openqa.selenium.remote.service.DriverCommandExecutor.execute(DriverCommandExecutor.java:174)
at org.openqa.selenium.remote.RemoteWebDriver.execute(RemoteWebDriver.java:519)
at org.openqa.selenium.remote.ElementLocation$ElementFinder$2.findElement(ElementLocation.java:165)
at org.openqa.selenium.remote.ElementLocation.findElement(ElementLocation.java:66)
at org.openqa.selenium.remote.RemoteWebDriver.findElement(RemoteWebDriver.java:356)
at org.openqa.selenium.remote.RemoteWebDriver.findElement(RemoteWebDriver.java:350)
at tutorialNinja.TestCases.LoginTest.loginWithValidEmailAndInvalidPassword(LoginTest.java:45)
at java.base/java.util.ArrayList.forEach(ArrayList.java:1511)
... Removed 32 stack frames]]>
    </failure>
  </testcase> <!-- loginWithValidEmailAndInvalidPassword -->
  <testcase classname="tutorialNinja.TestCases.LoginTest" name="loginWithInvalidEmailAndValidPassword" time="0.802"/>
  <testcase classname="tutorialNinja.TestCases.LoginTest" name="loginWithInvalidEmailAndInvalidPassword" time="0.811"/>
  <testcase classname="tutorialNinja.TestCases.LoginTest" name="loginWithNoCredentials" time="0.594"/>
  <testcase classname="tutorialNinja.TestCases.SearchProductTest" name="verifySearchValidProduct" time="0.591">
    <failure type="java.lang.AssertionError" message="expected [false] but found [true]">
      <![CDATA[java.lang.AssertionError: expected [false] but found [true]
at tutorialNinja.TestCases.SearchProductTest.verifySearchValidProduct(SearchProductTest.java:33)
at java.base/java.util.ArrayList.forEach(ArrayList.java:1511)
... Removed 31 stack frames]]>
    </failure>
  </testcase> <!-- verifySearchValidProduct -->
  <testcase classname="tutorialNinja.TestCases.SearchProductTest" name="verifySearchInvalidProduct" time="0.591"/>
  <testcase classname="tutorialNinja.TestCases.SearchProductTest" name="verifySearchNoProduct" time="0.536"/>
</testsuite> <!-- Test -->
